[debug] [2025-09-07T07:54:11.355Z] ----------------------------------------------------------------------
[debug] [2025-09-07T07:54:11.357Z] Command:       /home/sousei/.volta/tools/image/node/22.16.0/bin/node /home/sousei/.volta/tools/image/packages/firebase-tools/bin/firebase init firestore
[debug] [2025-09-07T07:54:11.357Z] CLI Version:   14.15.2
[debug] [2025-09-07T07:54:11.358Z] Platform:      linux
[debug] [2025-09-07T07:54:11.358Z] Node Version:  v22.16.0
[debug] [2025-09-07T07:54:11.358Z] Time:          Sun Sep 07 2025 16:54:11 GMT+0900 (Japan Standard Time)
[debug] [2025-09-07T07:54:11.358Z] ----------------------------------------------------------------------
[debug] 
[debug] [2025-09-07T07:54:11.360Z] >>> [apiv2][query] GET https://firebase-public.firebaseio.com/cli.json [none]
[debug] [2025-09-07T07:54:11.627Z] > command requires scopes: ["email","openid","https://www.googleapis.com/auth/cloudplatformprojects.readonly","https://www.googleapis.com/auth/firebase","https://www.googleapis.com/auth/cloud-platform"]
[debug] [2025-09-07T07:54:11.627Z] > authorizing via signed-in user (sousei.programing.1201@gmail.com)
[info] 
     ######## #### ########  ######## ########     ###     ######  ########
     ##        ##  ##     ## ##       ##     ##  ##   ##  ##       ##
     ######    ##  ########  ######   ########  #########  ######  ######
     ##        ##  ##    ##  ##       ##     ## ##     ##       ## ##
     ##       #### ##     ## ######## ########  ##     ##  ######  ########

You're about to initialize a Firebase project in this directory:

  /home/sousei/mapdaily/mapdaily

Before we get started, keep in mind:

  * You are initializing within an existing Firebase project directory

[info] 
=== Project Setup
[info] 
[info] First, let's associate this project directory with a Firebase project.
[info] You can create multiple project aliases by running firebase use --add, 
[info] but for now we'll just set up a default project.
[info] 
[debug] [2025-09-07T07:54:11.630Z] Using project from CLI flag: mapdailty
[debug] [2025-09-07T07:54:11.630Z] Checked if tokens are valid: false, expires at: 1756013650909
[debug] [2025-09-07T07:54:11.630Z] Checked if tokens are valid: false, expires at: 1756013650909
[debug] [2025-09-07T07:54:11.631Z] > refreshing access token with scopes: []
[debug] [2025-09-07T07:54:11.632Z] >>> [apiv2][query] POST https://www.googleapis.com/oauth2/v3/token [none]
[debug] [2025-09-07T07:54:11.632Z] >>> [apiv2][body] POST https://www.googleapis.com/oauth2/v3/token [omitted]
[debug] [2025-09-07T07:54:12.032Z] <<< [apiv2][status] POST https://www.googleapis.com/oauth2/v3/token 200
[debug] [2025-09-07T07:54:12.033Z] <<< [apiv2][body] POST https://www.googleapis.com/oauth2/v3/token [omitted]
[debug] [2025-09-07T07:54:12.059Z] >>> [apiv2][query] GET https://firebase.googleapis.com/v1beta1/projects/mapdailty [none]
[debug] [2025-09-07T07:54:12.144Z] <<< [apiv2][status] GET https://firebase-public.firebaseio.com/cli.json 200
[debug] [2025-09-07T07:54:12.145Z] <<< [apiv2][body] GET https://firebase-public.firebaseio.com/cli.json {"cloudBuildErrorAfter":1594252800000,"cloudBuildWarnAfter":1590019200000,"defaultNode10After":1594252800000,"minVersion":"3.0.5","node8DeploysDisabledAfter":1613390400000,"node8RuntimeDisabledAfter":1615809600000,"node8WarnAfter":1600128000000}
[debug] [2025-09-07T07:54:12.776Z] <<< [apiv2][status] GET https://firebase.googleapis.com/v1beta1/projects/mapdailty 200
[debug] [2025-09-07T07:54:12.777Z] <<< [apiv2][body] GET https://firebase.googleapis.com/v1beta1/projects/mapdailty {"projectId":"mapdailty","projectNumber":"160458796193","displayName":"Mapdailty","name":"projects/mapdailty","resources":{"hostingSite":"mapdailty"},"state":"ACTIVE","etag":"1_0c01c92a-1feb-423e-a612-68614a8e8ea7"}
[info] i  Using project mapdailty (Mapdailty) 
[info] 
=== Firestore Setup
[info] i  firestore: ensuring required API firestore.googleapis.com is enabled... 
[debug] [2025-09-07T07:54:13.164Z] Checked if tokens are valid: true, expires at: 1757235251034
[debug] [2025-09-07T07:54:13.164Z] Checked if tokens are valid: true, expires at: 1757235251034
[debug] [2025-09-07T07:54:13.165Z] >>> [apiv2][query] GET https://serviceusage.googleapis.com/v1/projects/mapdailty/services/firestore.googleapis.com [none]
[debug] [2025-09-07T07:54:13.165Z] >>> [apiv2][(partial)header] GET https://serviceusage.googleapis.com/v1/projects/mapdailty/services/firestore.googleapis.com x-goog-quota-user=projects/mapdailty
[debug] [2025-09-07T07:54:14.543Z] <<< [apiv2][status] GET https://serviceusage.googleapis.com/v1/projects/mapdailty/services/firestore.googleapis.com 200
[debug] [2025-09-07T07:54:14.544Z] <<< [apiv2][body] GET https://serviceusage.googleapis.com/v1/projects/mapdailty/services/firestore.googleapis.com [omitted]
[info] ✔  firestore: required API firestore.googleapis.com is enabled 
[debug] [2025-09-07T07:54:14.552Z] Checked if tokens are valid: true, expires at: 1757235251034
[debug] [2025-09-07T07:54:14.553Z] Checked if tokens are valid: true, expires at: 1757235251034
[debug] [2025-09-07T07:54:14.553Z] >>> [apiv2][query] GET https://firestore.googleapis.com/v1/projects/mapdailty/databases [none]
[debug] [2025-09-07T07:54:14.645Z] <<< [apiv2][status] GET https://firestore.googleapis.com/v1/projects/mapdailty/databases 200
[debug] [2025-09-07T07:54:14.645Z] <<< [apiv2][body] GET https://firestore.googleapis.com/v1/projects/mapdailty/databases {"databases":[{"name":"projects/mapdailty/databases/mapdaily-record","uid":"7bf376e5-103a-449f-9c21-2107520b73be","createTime":"2025-09-07T07:48:36.930277Z","updateTime":"2025-09-07T07:48:36.930277Z","locationId":"asia-northeast2","type":"FIRESTORE_NATIVE","concurrencyMode":"PESSIMISTIC","versionRetentionPeriod":"3600s","earliestVersionTime":"2025-09-07T07:48:36.930277Z","appEngineIntegrationMode":"DISABLED","pointInTimeRecoveryEnablement":"POINT_IN_TIME_RECOVERY_DISABLED","deleteProtectionState":"DELETE_PROTECTION_DISABLED","databaseEdition":"ENTERPRISE","freeTier":true,"mongodbCompatibleDataAccessMode":"DATA_ACCESS_MODE_ENABLED","etag":"INHpqISWxo8DMM7ov+yUxo8D"}]}
[info] 
[info] Firestore Security Rules allow you to define how and when to allow
[info] requests. You can keep these rules in your project directory
[info] and publish them with firebase deploy.
[info] 
[debug] [2025-09-07T07:54:44.655Z] Checked if tokens are valid: true, expires at: 1757235251034
[debug] [2025-09-07T07:54:44.655Z] Checked if tokens are valid: true, expires at: 1757235251034
[debug] [2025-09-07T07:54:44.656Z] >>> [apiv2][query] GET https://firebaserules.googleapis.com/v1/projects/mapdailty/releases pageSize=10&pageToken=
[debug] [2025-09-07T07:54:45.996Z] <<< [apiv2][status] GET https://firebaserules.googleapis.com/v1/projects/mapdailty/releases 200
[debug] [2025-09-07T07:54:45.997Z] <<< [apiv2][body] GET https://firebaserules.googleapis.com/v1/projects/mapdailty/releases {}
[info] 
[info] Firestore indexes allow you to perform complex queries while
[info] maintaining performance that scales with the size of the result
[info] set. You can keep index definitions in your project directory
[info] and publish them with firebase deploy.
[info] 
